{"name": "Verify login funcationality with multiple  credentails -- @1.4 ", "status": "broken", "statusDetails": {"message": "selenium.common.exceptions.NoSuchElementException: Message: no such element: Unable to locate element: {\"method\":\"xpath\",\"selector\":\"//header/div[1]/div[1]\"}\n  (Session info: chrome=120.0.6099.71); For documentation on this error, please visit: https://www.selenium.dev/documentation/webdriver/troubleshooting/errors#no-such-element-exception\nStacktrace:\n\tGetHandleVerifier [0x00007FF660DB4D02+56194]\n\t(No symbol) [0x00007FF660D204B2]\n\t(No symbol) [0x00007FF660BC76AA]\n\t(No symbol) [0x00007FF660C116D0]\n\t(No symbol) [0x00007FF660C117EC]\n\t(No symbol) [0x00007FF660C54D77]\n\t(No symbol) [0x00007FF660C35EBF]\n\t(No symbol) [0x00007FF660C52786]\n\t(No symbol) [0x00007FF660C35C23]\n\t(No symbol) [0x00007FF660C04A45]\n\t(No symbol) [0x00007FF660C05AD4]\n\tGetHandleVerifier [0x00007FF66112D5BB+3695675]\n\tGetHandleVerifier [0x00007FF661186197+4059159]\n\tGetHandleVerifier [0x00007FF66117DF63+4025827]\n\tGetHandleVerifier [0x00007FF660E4F029+687785]\n\t(No symbol) [0x00007FF660D2B508]\n\t(No symbol) [0x00007FF660D27564]\n\t(No symbol) [0x00007FF660D276E9]\n\t(No symbol) [0x00007FF660D18094]\n\tBaseThreadInitThunk [0x00007FFCF54553E0+16]\n\tRtlUserThreadStart [0x00007FFCF596485B+43]\n\n", "trace": "  File \"C:\\Users\\user\\PycharmProjects\\selenium_python_bddframework\\venv\\Lib\\site-packages\\behave\\model.py\", line 1329, in run\n    match.run(runner.context)\n  File \"C:\\Users\\user\\PycharmProjects\\selenium_python_bddframework\\venv\\Lib\\site-packages\\behave\\matchers.py\", line 98, in run\n    self.func(context, *args, **kwargs)\n  File \"features\\steps\\login.SD.py\", line 48, in homepagedisplay\n    context.driver.find_element(By.XPATH, \"//header/div[1]/div[1]\").is_displayed()\n    ^^^^^^^^^^^^^^^^^^^^^^^^^^^^^^^^^^^^^^^^^^^^^^^^^^^^^^^^^^^^^^^\n  File \"C:\\Users\\user\\PycharmProjects\\selenium_python_bddframework\\venv\\Lib\\site-packages\\selenium\\webdriver\\remote\\webdriver.py\", line 742, in find_element\n    return self.execute(Command.FIND_ELEMENT, {\"using\": by, \"value\": value})[\"value\"]\n           ^^^^^^^^^^^^^^^^^^^^^^^^^^^^^^^^^^^^^^^^^^^^^^^^^^^^^^^^^^^^^^^^^\n  File \"C:\\Users\\user\\PycharmProjects\\selenium_python_bddframework\\venv\\Lib\\site-packages\\selenium\\webdriver\\remote\\webdriver.py\", line 348, in execute\n    self.error_handler.check_response(response)\n  File \"C:\\Users\\user\\PycharmProjects\\selenium_python_bddframework\\venv\\Lib\\site-packages\\selenium\\webdriver\\remote\\errorhandler.py\", line 229, in check_response\n    raise exception_class(message, screen, stacktrace)\n"}, "steps": [{"name": "Given launch chrome browser", "status": "passed", "start": 1702193939717, "stop": 1702193941644}, {"name": "When open the orange hrm page", "status": "passed", "start": 1702193941645, "stop": 1702193949438}, {"name": "And Enter username \"Admin\" and password \"admin123\"", "status": "passed", "start": 1702193949438, "stop": 1702193949610}, {"name": "And click on login button", "status": "passed", "start": 1702193949610, "stop": 1702193949657}, {"name": "Then User must successfully login to Dashboard", "status": "broken", "statusDetails": {"message": "selenium.common.exceptions.NoSuchElementException: Message: no such element: Unable to locate element: {\"method\":\"xpath\",\"selector\":\"//header/div[1]/div[1]\"}\n  (Session info: chrome=120.0.6099.71); For documentation on this error, please visit: https://www.selenium.dev/documentation/webdriver/troubleshooting/errors#no-such-element-exception\nStacktrace:\n\tGetHandleVerifier [0x00007FF660DB4D02+56194]\n\t(No symbol) [0x00007FF660D204B2]\n\t(No symbol) [0x00007FF660BC76AA]\n\t(No symbol) [0x00007FF660C116D0]\n\t(No symbol) [0x00007FF660C117EC]\n\t(No symbol) [0x00007FF660C54D77]\n\t(No symbol) [0x00007FF660C35EBF]\n\t(No symbol) [0x00007FF660C52786]\n\t(No symbol) [0x00007FF660C35C23]\n\t(No symbol) [0x00007FF660C04A45]\n\t(No symbol) [0x00007FF660C05AD4]\n\tGetHandleVerifier [0x00007FF66112D5BB+3695675]\n\tGetHandleVerifier [0x00007FF661186197+4059159]\n\tGetHandleVerifier [0x00007FF66117DF63+4025827]\n\tGetHandleVerifier [0x00007FF660E4F029+687785]\n\t(No symbol) [0x00007FF660D2B508]\n\t(No symbol) [0x00007FF660D27564]\n\t(No symbol) [0x00007FF660D276E9]\n\t(No symbol) [0x00007FF660D18094]\n\tBaseThreadInitThunk [0x00007FFCF54553E0+16]\n\tRtlUserThreadStart [0x00007FFCF596485B+43]\n\n", "trace": "  File \"C:\\Users\\user\\PycharmProjects\\selenium_python_bddframework\\venv\\Lib\\site-packages\\behave\\model.py\", line 1329, in run\n    match.run(runner.context)\n  File \"C:\\Users\\user\\PycharmProjects\\selenium_python_bddframework\\venv\\Lib\\site-packages\\behave\\matchers.py\", line 98, in run\n    self.func(context, *args, **kwargs)\n  File \"features\\steps\\login.SD.py\", line 48, in homepagedisplay\n    context.driver.find_element(By.XPATH, \"//header/div[1]/div[1]\").is_displayed()\n    ^^^^^^^^^^^^^^^^^^^^^^^^^^^^^^^^^^^^^^^^^^^^^^^^^^^^^^^^^^^^^^^\n  File \"C:\\Users\\user\\PycharmProjects\\selenium_python_bddframework\\venv\\Lib\\site-packages\\selenium\\webdriver\\remote\\webdriver.py\", line 742, in find_element\n    return self.execute(Command.FIND_ELEMENT, {\"using\": by, \"value\": value})[\"value\"]\n           ^^^^^^^^^^^^^^^^^^^^^^^^^^^^^^^^^^^^^^^^^^^^^^^^^^^^^^^^^^^^^^^^^\n  File \"C:\\Users\\user\\PycharmProjects\\selenium_python_bddframework\\venv\\Lib\\site-packages\\selenium\\webdriver\\remote\\webdriver.py\", line 348, in execute\n    self.error_handler.check_response(response)\n  File \"C:\\Users\\user\\PycharmProjects\\selenium_python_bddframework\\venv\\Lib\\site-packages\\selenium\\webdriver\\remote\\errorhandler.py\", line 229, in check_response\n    raise exception_class(message, screen, stacktrace)\n"}, "start": 1702193949658, "stop": 1702193951035}], "parameters": [{"name": "username", "value": "Admin"}, {}, {"name": "password", "value": "admin123"}], "start": 1702193939716, "stop": 1702193951038, "uuid": "d8f0462f-9149-4eb9-acad-4024725468fa", "historyId": "15cbe8d537a1fd7268d62ff4b717db4e", "fullName": "OrangeHRM logo: Verify login funcationality with multiple  credentails", "labels": [{"name": "severity", "value": "normal"}, {"name": "feature", "value": "OrangeHRM logo"}, {"name": "framework", "value": "behave"}, {"name": "language", "value": "cpython3"}]}