{"name": "Verify with registering all fields -- @1.1 ", "status": "broken", "statusDetails": {"message": "selenium.common.exceptions.ElementClickInterceptedException: Message: element click intercepted: Element <input type=\"submit\" data-qa=\"submit-button\" name=\"submit\" class=\"btn btn-primary pull-left submit_form\" value=\"Submit\"> is not clickable at point (87, 645). Other element would receive the click: <div id=\"aswift_4_host\" tabindex=\"0\" title=\"Advertisement\" aria-label=\"Advertisement\" style=\"border: none !important; height: 90px !important; width: 100% !important; margin: 0px !important; padding: 0px !important; position: relative !important; visibility: visible !important; background-color: transparent !important; display: inline-block !important; inset: auto !important; clear: none !important; float: none !important; max-height: none !important; max-width: none !important; opacity: 1 !important; overflow: visible !important; vertical-align: baseline !important; z-index: auto !important;\">...</div>\n  (Session info: chrome=120.0.6099.71)\nStacktrace:\n\tGetHandleVerifier [0x00007FF749B44D02+56194]\n\t(No symbol) [0x00007FF749AB04B2]\n\t(No symbol) [0x00007FF7499576AA]\n\t(No symbol) [0x00007FF7499A8763]\n\t(No symbol) [0x00007FF7499A675D]\n\t(No symbol) [0x00007FF7499A3F5C]\n\t(No symbol) [0x00007FF7499A2D15]\n\t(No symbol) [0x00007FF74999687F]\n\t(No symbol) [0x00007FF7499C5E7A]\n\t(No symbol) [0x00007FF749996226]\n\t(No symbol) [0x00007FF7499C6320]\n\t(No symbol) [0x00007FF7499E2786]\n\t(No symbol) [0x00007FF7499C5C23]\n\t(No symbol) [0x00007FF749994A45]\n\t(No symbol) [0x00007FF749995AD4]\n\tGetHandleVerifier [0x00007FF749EBD5BB+3695675]\n\tGetHandleVerifier [0x00007FF749F16197+4059159]\n\tGetHandleVerifier [0x00007FF749F0DF63+4025827]\n\tGetHandleVerifier [0x00007FF749BDF029+687785]\n\t(No symbol) [0x00007FF749ABB508]\n\t(No symbol) [0x00007FF749AB7564]\n\t(No symbol) [0x00007FF749AB76E9]\n\t(No symbol) [0x00007FF749AA8094]\n\tBaseThreadInitThunk [0x00007FF9F55753E0+16]\n\tRtlUserThreadStart [0x00007FF9F6E2485B+43]\n\n", "trace": "  File \"C:\\Users\\user\\PycharmProjects\\selenium_python_bddframework\\venv\\Lib\\site-packages\\behave\\model.py\", line 1329, in run\n    match.run(runner.context)\n  File \"C:\\Users\\user\\PycharmProjects\\selenium_python_bddframework\\venv\\Lib\\site-packages\\behave\\matchers.py\", line 98, in run\n    self.func(context, *args, **kwargs)\n  File \"features\\steps\\Register.SD.py\", line 47, in submit\n    context.driver.find_element(By.XPATH, \"//input[@type='submit']\").click()\n  File \"C:\\Users\\user\\PycharmProjects\\selenium_python_bddframework\\venv\\Lib\\site-packages\\selenium\\webdriver\\remote\\webelement.py\", line 94, in click\n    self._execute(Command.CLICK_ELEMENT)\n  File \"C:\\Users\\user\\PycharmProjects\\selenium_python_bddframework\\venv\\Lib\\site-packages\\selenium\\webdriver\\remote\\webelement.py\", line 395, in _execute\n    return self._parent.execute(command, params)\n           ^^^^^^^^^^^^^^^^^^^^^^^^^^^^^^^^^^^^^\n  File \"C:\\Users\\user\\PycharmProjects\\selenium_python_bddframework\\venv\\Lib\\site-packages\\selenium\\webdriver\\remote\\webdriver.py\", line 348, in execute\n    self.error_handler.check_response(response)\n  File \"C:\\Users\\user\\PycharmProjects\\selenium_python_bddframework\\venv\\Lib\\site-packages\\selenium\\webdriver\\remote\\errorhandler.py\", line 229, in check_response\n    raise exception_class(message, screen, stacktrace)\n"}, "steps": [{"name": "Given lauch the browser", "status": "passed", "start": 1702536094407, "stop": 1702536096369}, {"name": "When open the contact form page", "status": "passed", "start": 1702536096369, "stop": 1702536108652}, {"name": "Then verify that logo is present in the page", "status": "passed", "start": 1702536108652, "stop": 1702536108714}, {"name": "Then enter name \"Suma\" , email \"sumamol27@gmail.com\",subject \"Selenium\",message \"Automating web page\" and upload_file \"D:\\\\Testing\\\\Demo_file1.txt\"", "status": "passed", "start": 1702536108714, "stop": 1702536109485}, {"name": "Then click on submit button", "status": "broken", "statusDetails": {"message": "selenium.common.exceptions.ElementClickInterceptedException: Message: element click intercepted: Element <input type=\"submit\" data-qa=\"submit-button\" name=\"submit\" class=\"btn btn-primary pull-left submit_form\" value=\"Submit\"> is not clickable at point (87, 645). Other element would receive the click: <div id=\"aswift_4_host\" tabindex=\"0\" title=\"Advertisement\" aria-label=\"Advertisement\" style=\"border: none !important; height: 90px !important; width: 100% !important; margin: 0px !important; padding: 0px !important; position: relative !important; visibility: visible !important; background-color: transparent !important; display: inline-block !important; inset: auto !important; clear: none !important; float: none !important; max-height: none !important; max-width: none !important; opacity: 1 !important; overflow: visible !important; vertical-align: baseline !important; z-index: auto !important;\">...</div>\n  (Session info: chrome=120.0.6099.71)\nStacktrace:\n\tGetHandleVerifier [0x00007FF749B44D02+56194]\n\t(No symbol) [0x00007FF749AB04B2]\n\t(No symbol) [0x00007FF7499576AA]\n\t(No symbol) [0x00007FF7499A8763]\n\t(No symbol) [0x00007FF7499A675D]\n\t(No symbol) [0x00007FF7499A3F5C]\n\t(No symbol) [0x00007FF7499A2D15]\n\t(No symbol) [0x00007FF74999687F]\n\t(No symbol) [0x00007FF7499C5E7A]\n\t(No symbol) [0x00007FF749996226]\n\t(No symbol) [0x00007FF7499C6320]\n\t(No symbol) [0x00007FF7499E2786]\n\t(No symbol) [0x00007FF7499C5C23]\n\t(No symbol) [0x00007FF749994A45]\n\t(No symbol) [0x00007FF749995AD4]\n\tGetHandleVerifier [0x00007FF749EBD5BB+3695675]\n\tGetHandleVerifier [0x00007FF749F16197+4059159]\n\tGetHandleVerifier [0x00007FF749F0DF63+4025827]\n\tGetHandleVerifier [0x00007FF749BDF029+687785]\n\t(No symbol) [0x00007FF749ABB508]\n\t(No symbol) [0x00007FF749AB7564]\n\t(No symbol) [0x00007FF749AB76E9]\n\t(No symbol) [0x00007FF749AA8094]\n\tBaseThreadInitThunk [0x00007FF9F55753E0+16]\n\tRtlUserThreadStart [0x00007FF9F6E2485B+43]\n\n", "trace": "  File \"C:\\Users\\user\\PycharmProjects\\selenium_python_bddframework\\venv\\Lib\\site-packages\\behave\\model.py\", line 1329, in run\n    match.run(runner.context)\n  File \"C:\\Users\\user\\PycharmProjects\\selenium_python_bddframework\\venv\\Lib\\site-packages\\behave\\matchers.py\", line 98, in run\n    self.func(context, *args, **kwargs)\n  File \"features\\steps\\Register.SD.py\", line 47, in submit\n    context.driver.find_element(By.XPATH, \"//input[@type='submit']\").click()\n  File \"C:\\Users\\user\\PycharmProjects\\selenium_python_bddframework\\venv\\Lib\\site-packages\\selenium\\webdriver\\remote\\webelement.py\", line 94, in click\n    self._execute(Command.CLICK_ELEMENT)\n  File \"C:\\Users\\user\\PycharmProjects\\selenium_python_bddframework\\venv\\Lib\\site-packages\\selenium\\webdriver\\remote\\webelement.py\", line 395, in _execute\n    return self._parent.execute(command, params)\n           ^^^^^^^^^^^^^^^^^^^^^^^^^^^^^^^^^^^^^\n  File \"C:\\Users\\user\\PycharmProjects\\selenium_python_bddframework\\venv\\Lib\\site-packages\\selenium\\webdriver\\remote\\webdriver.py\", line 348, in execute\n    self.error_handler.check_response(response)\n  File \"C:\\Users\\user\\PycharmProjects\\selenium_python_bddframework\\venv\\Lib\\site-packages\\selenium\\webdriver\\remote\\errorhandler.py\", line 229, in check_response\n    raise exception_class(message, screen, stacktrace)\n"}, "start": 1702536109485, "stop": 1702536110730}, {"name": "Then user should navigate to next page and receives confirmation message", "status": "skipped", "start": 1702536110730, "stop": 1702536110730}, {"name": "And close the browser", "status": "skipped", "start": 1702536110730, "stop": 1702536110730}], "parameters": [{"name": "name", "value": "Suma"}, {}, {"name": "email", "value": "sumamol27@gmail.com"}, {}, {"name": "subject", "value": "Selenium"}, {}, {"name": "message", "value": "Automating web page"}, {}, {"name": "upload_file", "value": "D:\\\\Testing\\\\Demo_file1.txt"}], "start": 1702536094404, "stop": 1702536110730, "uuid": "64ca9dea-11c4-4156-827c-245361692fb7", "historyId": "7ae8272f4d16561bfffcf399c7e609ce", "fullName": "Contact form registration: Verify with registering all fields", "labels": [{"name": "severity", "value": "normal"}, {"name": "feature", "value": "Contact form registration"}, {"name": "framework", "value": "behave"}, {"name": "language", "value": "cpython3"}]}