{"name": "Verify login funcationality with multiple  credentails -- @1.1 ", "status": "broken", "statusDetails": {"message": "selenium.common.exceptions.NoSuchElementException: Message: no such element: Unable to locate element: {\"method\":\"xpath\",\"selector\":\"//header/div[1]/div[1]\"}\n  (Session info: chrome=120.0.6099.71); For documentation on this error, please visit: https://www.selenium.dev/documentation/webdriver/troubleshooting/errors#no-such-element-exception\nStacktrace:\n\tGetHandleVerifier [0x00007FF75E6B4D02+56194]\n\t(No symbol) [0x00007FF75E6204B2]\n\t(No symbol) [0x00007FF75E4C76AA]\n\t(No symbol) [0x00007FF75E5116D0]\n\t(No symbol) [0x00007FF75E5117EC]\n\t(No symbol) [0x00007FF75E554D77]\n\t(No symbol) [0x00007FF75E535EBF]\n\t(No symbol) [0x00007FF75E552786]\n\t(No symbol) [0x00007FF75E535C23]\n\t(No symbol) [0x00007FF75E504A45]\n\t(No symbol) [0x00007FF75E505AD4]\n\tGetHandleVerifier [0x00007FF75EA2D5BB+3695675]\n\tGetHandleVerifier [0x00007FF75EA86197+4059159]\n\tGetHandleVerifier [0x00007FF75EA7DF63+4025827]\n\tGetHandleVerifier [0x00007FF75E74F029+687785]\n\t(No symbol) [0x00007FF75E62B508]\n\t(No symbol) [0x00007FF75E627564]\n\t(No symbol) [0x00007FF75E6276E9]\n\t(No symbol) [0x00007FF75E618094]\n\tBaseThreadInitThunk [0x00007FFD81FA53E0+16]\n\tRtlUserThreadStart [0x00007FFD82D2485B+43]\n\n", "trace": "  File \"C:\\Users\\user\\PycharmProjects\\selenium_python_bddframework\\venv\\Lib\\site-packages\\behave\\model.py\", line 1329, in run\n    match.run(runner.context)\n  File \"C:\\Users\\user\\PycharmProjects\\selenium_python_bddframework\\venv\\Lib\\site-packages\\behave\\matchers.py\", line 98, in run\n    self.func(context, *args, **kwargs)\n  File \"features\\steps\\login.SD.py\", line 47, in homepagedisplay\n    context.driver.find_element(By.XPATH, \"//header/div[1]/div[1]\").is_displayed()\n    ^^^^^^^^^^^^^^^^^^^^^^^^^^^^^^^^^^^^^^^^^^^^^^^^^^^^^^^^^^^^^^^\n  File \"C:\\Users\\user\\PycharmProjects\\selenium_python_bddframework\\venv\\Lib\\site-packages\\selenium\\webdriver\\remote\\webdriver.py\", line 742, in find_element\n    return self.execute(Command.FIND_ELEMENT, {\"using\": by, \"value\": value})[\"value\"]\n           ^^^^^^^^^^^^^^^^^^^^^^^^^^^^^^^^^^^^^^^^^^^^^^^^^^^^^^^^^^^^^^^^^\n  File \"C:\\Users\\user\\PycharmProjects\\selenium_python_bddframework\\venv\\Lib\\site-packages\\selenium\\webdriver\\remote\\webdriver.py\", line 348, in execute\n    self.error_handler.check_response(response)\n  File \"C:\\Users\\user\\PycharmProjects\\selenium_python_bddframework\\venv\\Lib\\site-packages\\selenium\\webdriver\\remote\\errorhandler.py\", line 229, in check_response\n    raise exception_class(message, screen, stacktrace)\n"}, "steps": [{"name": "Given launch chrome browser", "status": "passed", "start": 1702465358841, "stop": 1702465360107}, {"name": "When open the orange hrm page", "status": "passed", "start": 1702465360107, "stop": 1702465368285}, {"name": "And Enter username \"Admin\" and password \"admin123\"", "status": "passed", "start": 1702465368285, "stop": 1702465368405}, {"name": "And click on login button", "status": "passed", "start": 1702465368406, "stop": 1702465368448}, {"name": "Then User must successfully login to Dashboard", "status": "broken", "statusDetails": {"message": "selenium.common.exceptions.NoSuchElementException: Message: no such element: Unable to locate element: {\"method\":\"xpath\",\"selector\":\"//header/div[1]/div[1]\"}\n  (Session info: chrome=120.0.6099.71); For documentation on this error, please visit: https://www.selenium.dev/documentation/webdriver/troubleshooting/errors#no-such-element-exception\nStacktrace:\n\tGetHandleVerifier [0x00007FF75E6B4D02+56194]\n\t(No symbol) [0x00007FF75E6204B2]\n\t(No symbol) [0x00007FF75E4C76AA]\n\t(No symbol) [0x00007FF75E5116D0]\n\t(No symbol) [0x00007FF75E5117EC]\n\t(No symbol) [0x00007FF75E554D77]\n\t(No symbol) [0x00007FF75E535EBF]\n\t(No symbol) [0x00007FF75E552786]\n\t(No symbol) [0x00007FF75E535C23]\n\t(No symbol) [0x00007FF75E504A45]\n\t(No symbol) [0x00007FF75E505AD4]\n\tGetHandleVerifier [0x00007FF75EA2D5BB+3695675]\n\tGetHandleVerifier [0x00007FF75EA86197+4059159]\n\tGetHandleVerifier [0x00007FF75EA7DF63+4025827]\n\tGetHandleVerifier [0x00007FF75E74F029+687785]\n\t(No symbol) [0x00007FF75E62B508]\n\t(No symbol) [0x00007FF75E627564]\n\t(No symbol) [0x00007FF75E6276E9]\n\t(No symbol) [0x00007FF75E618094]\n\tBaseThreadInitThunk [0x00007FFD81FA53E0+16]\n\tRtlUserThreadStart [0x00007FFD82D2485B+43]\n\n", "trace": "  File \"C:\\Users\\user\\PycharmProjects\\selenium_python_bddframework\\venv\\Lib\\site-packages\\behave\\model.py\", line 1329, in run\n    match.run(runner.context)\n  File \"C:\\Users\\user\\PycharmProjects\\selenium_python_bddframework\\venv\\Lib\\site-packages\\behave\\matchers.py\", line 98, in run\n    self.func(context, *args, **kwargs)\n  File \"features\\steps\\login.SD.py\", line 47, in homepagedisplay\n    context.driver.find_element(By.XPATH, \"//header/div[1]/div[1]\").is_displayed()\n    ^^^^^^^^^^^^^^^^^^^^^^^^^^^^^^^^^^^^^^^^^^^^^^^^^^^^^^^^^^^^^^^\n  File \"C:\\Users\\user\\PycharmProjects\\selenium_python_bddframework\\venv\\Lib\\site-packages\\selenium\\webdriver\\remote\\webdriver.py\", line 742, in find_element\n    return self.execute(Command.FIND_ELEMENT, {\"using\": by, \"value\": value})[\"value\"]\n           ^^^^^^^^^^^^^^^^^^^^^^^^^^^^^^^^^^^^^^^^^^^^^^^^^^^^^^^^^^^^^^^^^\n  File \"C:\\Users\\user\\PycharmProjects\\selenium_python_bddframework\\venv\\Lib\\site-packages\\selenium\\webdriver\\remote\\webdriver.py\", line 348, in execute\n    self.error_handler.check_response(response)\n  File \"C:\\Users\\user\\PycharmProjects\\selenium_python_bddframework\\venv\\Lib\\site-packages\\selenium\\webdriver\\remote\\errorhandler.py\", line 229, in check_response\n    raise exception_class(message, screen, stacktrace)\n"}, "start": 1702465368448, "stop": 1702465369624}], "parameters": [{"name": "username", "value": "Admin"}, {}, {"name": "password", "value": "admin123"}], "start": 1702465358841, "stop": 1702465369624, "uuid": "5f3c2d93-0ecf-4241-9e38-61aaeedd29a6", "historyId": "32ab0dd33266ece2c78204f4b28c2aad", "fullName": "OrangeHRM logo: Verify login funcationality with multiple  credentails", "labels": [{"name": "severity", "value": "normal"}, {"name": "feature", "value": "OrangeHRM logo"}, {"name": "framework", "value": "behave"}, {"name": "language", "value": "cpython3"}]}