{"name": "Verify  registering with leaving all  fields empty -- @1.1 ", "status": "broken", "statusDetails": {"message": "selenium.common.exceptions.ElementClickInterceptedException: Message: element click intercepted: Element <input type=\"submit\" data-qa=\"submit-button\" name=\"submit\" class=\"btn btn-primary pull-left submit_form\" value=\"Submit\"> is not clickable at point (87, 645). Other element would receive the click: <iframe id=\"aswift_4\" name=\"aswift_4\" style=\"width: 1005px !important; height: 124px !important; display: block; margin: 0px auto;\" sandbox=\"allow-forms allow-popups allow-popups-to-escape-sandbox allow-same-origin allow-scripts allow-top-navigation-by-user-activation\" width=\"1005\" height=\"124\" frameborder=\"0\" marginwidth=\"0\" marginheight=\"0\" vspace=\"0\" hspace=\"0\" allowtransparency=\"true\" scrolling=\"no\" src=\"https://googleads.g.doubleclick.net/pagead/html/r20231207/r20110914/zrt_lookup_fy2021.html?fsb=1#RS-0-&amp;adk=1812271801&amp;client=ca-pub-1677597403311019&amp;fa=1&amp;ifi=5&amp;uci=a!5&amp;btvi=4\" data-google-container-id=\"a!5\" data-google-query-id=\"CIXZuPv5joMDFbmOSwUd71UKbg\" data-load-complete=\"true\"></iframe>\n  (Session info: chrome=120.0.6099.71)\nStacktrace:\n\tGetHandleVerifier [0x00007FF7EED54D02+56194]\n\t(No symbol) [0x00007FF7EECC04B2]\n\t(No symbol) [0x00007FF7EEB676AA]\n\t(No symbol) [0x00007FF7EEBB8763]\n\t(No symbol) [0x00007FF7EEBB675D]\n\t(No symbol) [0x00007FF7EEBB3F5C]\n\t(No symbol) [0x00007FF7EEBB2D15]\n\t(No symbol) [0x00007FF7EEBA687F]\n\t(No symbol) [0x00007FF7EEBD5E7A]\n\t(No symbol) [0x00007FF7EEBA6226]\n\t(No symbol) [0x00007FF7EEBD6320]\n\t(No symbol) [0x00007FF7EEBF2786]\n\t(No symbol) [0x00007FF7EEBD5C23]\n\t(No symbol) [0x00007FF7EEBA4A45]\n\t(No symbol) [0x00007FF7EEBA5AD4]\n\tGetHandleVerifier [0x00007FF7EF0CD5BB+3695675]\n\tGetHandleVerifier [0x00007FF7EF126197+4059159]\n\tGetHandleVerifier [0x00007FF7EF11DF63+4025827]\n\tGetHandleVerifier [0x00007FF7EEDEF029+687785]\n\t(No symbol) [0x00007FF7EECCB508]\n\t(No symbol) [0x00007FF7EECC7564]\n\t(No symbol) [0x00007FF7EECC76E9]\n\t(No symbol) [0x00007FF7EECB8094]\n\tBaseThreadInitThunk [0x00007FF9F55753E0+16]\n\tRtlUserThreadStart [0x00007FF9F6E2485B+43]\n\n", "trace": "  File \"C:\\Users\\user\\PycharmProjects\\selenium_python_bddframework\\venv\\Lib\\site-packages\\behave\\model.py\", line 1329, in run\n    match.run(runner.context)\n  File \"C:\\Users\\user\\PycharmProjects\\selenium_python_bddframework\\venv\\Lib\\site-packages\\behave\\matchers.py\", line 98, in run\n    self.func(context, *args, **kwargs)\n  File \"features\\steps\\Register.SD.py\", line 47, in submit\n    context.driver.find_element(By.XPATH, \"//input[@type='submit']\").click()\n  File \"C:\\Users\\user\\PycharmProjects\\selenium_python_bddframework\\venv\\Lib\\site-packages\\selenium\\webdriver\\remote\\webelement.py\", line 94, in click\n    self._execute(Command.CLICK_ELEMENT)\n  File \"C:\\Users\\user\\PycharmProjects\\selenium_python_bddframework\\venv\\Lib\\site-packages\\selenium\\webdriver\\remote\\webelement.py\", line 395, in _execute\n    return self._parent.execute(command, params)\n           ^^^^^^^^^^^^^^^^^^^^^^^^^^^^^^^^^^^^^\n  File \"C:\\Users\\user\\PycharmProjects\\selenium_python_bddframework\\venv\\Lib\\site-packages\\selenium\\webdriver\\remote\\webdriver.py\", line 348, in execute\n    self.error_handler.check_response(response)\n  File \"C:\\Users\\user\\PycharmProjects\\selenium_python_bddframework\\venv\\Lib\\site-packages\\selenium\\webdriver\\remote\\errorhandler.py\", line 229, in check_response\n    raise exception_class(message, screen, stacktrace)\n"}, "steps": [{"name": "Given lauch the browser", "status": "passed", "start": 1702557768614, "stop": 1702557769919}, {"name": "When open the contact form page", "status": "passed", "start": 1702557769919, "stop": 1702557778787}, {"name": "Then verify that logo is present in the page", "status": "passed", "start": 1702557778787, "stop": 1702557778808}, {"name": "Then leave name \"\" \"\" , email \"\" \"\",subject \"\" \"\",message \"\" \"\" and upload_file \"D:\\\\Testing\\\\Demo_file1.txt\" all fields in  empty", "status": "passed", "start": 1702557778808, "stop": 1702557779068}, {"name": "Then click on submit button", "status": "broken", "statusDetails": {"message": "selenium.common.exceptions.ElementClickInterceptedException: Message: element click intercepted: Element <input type=\"submit\" data-qa=\"submit-button\" name=\"submit\" class=\"btn btn-primary pull-left submit_form\" value=\"Submit\"> is not clickable at point (87, 645). Other element would receive the click: <iframe id=\"aswift_4\" name=\"aswift_4\" style=\"width: 1005px !important; height: 124px !important; display: block; margin: 0px auto;\" sandbox=\"allow-forms allow-popups allow-popups-to-escape-sandbox allow-same-origin allow-scripts allow-top-navigation-by-user-activation\" width=\"1005\" height=\"124\" frameborder=\"0\" marginwidth=\"0\" marginheight=\"0\" vspace=\"0\" hspace=\"0\" allowtransparency=\"true\" scrolling=\"no\" src=\"https://googleads.g.doubleclick.net/pagead/html/r20231207/r20110914/zrt_lookup_fy2021.html?fsb=1#RS-0-&amp;adk=1812271801&amp;client=ca-pub-1677597403311019&amp;fa=1&amp;ifi=5&amp;uci=a!5&amp;btvi=4\" data-google-container-id=\"a!5\" data-google-query-id=\"CIXZuPv5joMDFbmOSwUd71UKbg\" data-load-complete=\"true\"></iframe>\n  (Session info: chrome=120.0.6099.71)\nStacktrace:\n\tGetHandleVerifier [0x00007FF7EED54D02+56194]\n\t(No symbol) [0x00007FF7EECC04B2]\n\t(No symbol) [0x00007FF7EEB676AA]\n\t(No symbol) [0x00007FF7EEBB8763]\n\t(No symbol) [0x00007FF7EEBB675D]\n\t(No symbol) [0x00007FF7EEBB3F5C]\n\t(No symbol) [0x00007FF7EEBB2D15]\n\t(No symbol) [0x00007FF7EEBA687F]\n\t(No symbol) [0x00007FF7EEBD5E7A]\n\t(No symbol) [0x00007FF7EEBA6226]\n\t(No symbol) [0x00007FF7EEBD6320]\n\t(No symbol) [0x00007FF7EEBF2786]\n\t(No symbol) [0x00007FF7EEBD5C23]\n\t(No symbol) [0x00007FF7EEBA4A45]\n\t(No symbol) [0x00007FF7EEBA5AD4]\n\tGetHandleVerifier [0x00007FF7EF0CD5BB+3695675]\n\tGetHandleVerifier [0x00007FF7EF126197+4059159]\n\tGetHandleVerifier [0x00007FF7EF11DF63+4025827]\n\tGetHandleVerifier [0x00007FF7EEDEF029+687785]\n\t(No symbol) [0x00007FF7EECCB508]\n\t(No symbol) [0x00007FF7EECC7564]\n\t(No symbol) [0x00007FF7EECC76E9]\n\t(No symbol) [0x00007FF7EECB8094]\n\tBaseThreadInitThunk [0x00007FF9F55753E0+16]\n\tRtlUserThreadStart [0x00007FF9F6E2485B+43]\n\n", "trace": "  File \"C:\\Users\\user\\PycharmProjects\\selenium_python_bddframework\\venv\\Lib\\site-packages\\behave\\model.py\", line 1329, in run\n    match.run(runner.context)\n  File \"C:\\Users\\user\\PycharmProjects\\selenium_python_bddframework\\venv\\Lib\\site-packages\\behave\\matchers.py\", line 98, in run\n    self.func(context, *args, **kwargs)\n  File \"features\\steps\\Register.SD.py\", line 47, in submit\n    context.driver.find_element(By.XPATH, \"//input[@type='submit']\").click()\n  File \"C:\\Users\\user\\PycharmProjects\\selenium_python_bddframework\\venv\\Lib\\site-packages\\selenium\\webdriver\\remote\\webelement.py\", line 94, in click\n    self._execute(Command.CLICK_ELEMENT)\n  File \"C:\\Users\\user\\PycharmProjects\\selenium_python_bddframework\\venv\\Lib\\site-packages\\selenium\\webdriver\\remote\\webelement.py\", line 395, in _execute\n    return self._parent.execute(command, params)\n           ^^^^^^^^^^^^^^^^^^^^^^^^^^^^^^^^^^^^^\n  File \"C:\\Users\\user\\PycharmProjects\\selenium_python_bddframework\\venv\\Lib\\site-packages\\selenium\\webdriver\\remote\\webdriver.py\", line 348, in execute\n    self.error_handler.check_response(response)\n  File \"C:\\Users\\user\\PycharmProjects\\selenium_python_bddframework\\venv\\Lib\\site-packages\\selenium\\webdriver\\remote\\errorhandler.py\", line 229, in check_response\n    raise exception_class(message, screen, stacktrace)\n"}, "start": 1702557779068, "stop": 1702557781152}, {"name": "Then user receives warning message", "status": "skipped", "start": 1702557781152, "stop": 1702557781152}, {"name": "And close the browser", "status": "skipped", "start": 1702557781152, "stop": 1702557781152}], "parameters": [{"name": "name", "value": "\" \""}, {}, {"name": "email", "value": "\" \""}, {}, {"name": "subject", "value": "\" \""}, {}, {"name": "message", "value": "\" \""}, {}, {"name": "upload_file", "value": "D:\\\\Testing\\\\Demo_file1.txt"}], "start": 1702557768614, "stop": 1702557781152, "uuid": "a8917274-f674-4912-a98b-7c1bcba2bd21", "historyId": "15af27c091f56418dd34ab24172a13e4", "fullName": "Contact form registration: Verify  registering with leaving all  fields empty", "labels": [{"name": "severity", "value": "normal"}, {"name": "feature", "value": "Contact form registration"}, {"name": "framework", "value": "behave"}, {"name": "language", "value": "cpython3"}]}