{"name": "Verify  registering with leaving all  fields empty -- @1.1 ", "status": "broken", "statusDetails": {"message": "selenium.common.exceptions.InvalidArgumentException: Message: invalid argument: File not found : \" \"\n  (Session info: chrome=120.0.6099.71)\nStacktrace:\n\tGetHandleVerifier [0x00007FF6B87A4D02+56194]\n\t(No symbol) [0x00007FF6B87104B2]\n\t(No symbol) [0x00007FF6B85B76AA]\n\t(No symbol) [0x00007FF6B85FAB70]\n\t(No symbol) [0x00007FF6B8625E7A]\n\t(No symbol) [0x00007FF6B85F6226]\n\t(No symbol) [0x00007FF6B8626320]\n\t(No symbol) [0x00007FF6B8642786]\n\t(No symbol) [0x00007FF6B8625C23]\n\t(No symbol) [0x00007FF6B85F4A45]\n\t(No symbol) [0x00007FF6B85F5AD4]\n\tGetHandleVerifier [0x00007FF6B8B1D5BB+3695675]\n\tGetHandleVerifier [0x00007FF6B8B76197+4059159]\n\tGetHandleVerifier [0x00007FF6B8B6DF63+4025827]\n\tGetHandleVerifier [0x00007FF6B883F029+687785]\n\t(No symbol) [0x00007FF6B871B508]\n\t(No symbol) [0x00007FF6B8717564]\n\t(No symbol) [0x00007FF6B87176E9]\n\t(No symbol) [0x00007FF6B8708094]\n\tBaseThreadInitThunk [0x00007FF9F55753E0+16]\n\tRtlUserThreadStart [0x00007FF9F6E2485B+43]\n\n", "trace": "  File \"C:\\Users\\user\\PycharmProjects\\selenium_python_bddframework\\venv\\Lib\\site-packages\\behave\\model.py\", line 1329, in run\n    match.run(runner.context)\n  File \"C:\\Users\\user\\PycharmProjects\\selenium_python_bddframework\\venv\\Lib\\site-packages\\behave\\matchers.py\", line 98, in run\n    self.func(context, *args, **kwargs)\n  File \"features\\steps\\Register.SD.py\", line 44, in without_any_field\n    context.driver.find_element(By.XPATH, \"//input[@type='file']\").send_keys(upload_file)\n  File \"C:\\Users\\user\\PycharmProjects\\selenium_python_bddframework\\venv\\Lib\\site-packages\\selenium\\webdriver\\remote\\webelement.py\", line 231, in send_keys\n    self._execute(\n  File \"C:\\Users\\user\\PycharmProjects\\selenium_python_bddframework\\venv\\Lib\\site-packages\\selenium\\webdriver\\remote\\webelement.py\", line 395, in _execute\n    return self._parent.execute(command, params)\n           ^^^^^^^^^^^^^^^^^^^^^^^^^^^^^^^^^^^^^\n  File \"C:\\Users\\user\\PycharmProjects\\selenium_python_bddframework\\venv\\Lib\\site-packages\\selenium\\webdriver\\remote\\webdriver.py\", line 348, in execute\n    self.error_handler.check_response(response)\n  File \"C:\\Users\\user\\PycharmProjects\\selenium_python_bddframework\\venv\\Lib\\site-packages\\selenium\\webdriver\\remote\\errorhandler.py\", line 229, in check_response\n    raise exception_class(message, screen, stacktrace)\n"}, "steps": [{"name": "Given lauch the browser", "status": "passed", "start": 1702535814417, "stop": 1702535816817}, {"name": "When open the contact form page", "status": "passed", "start": 1702535816818, "stop": 1702535823807}, {"name": "Then verify that logo is present in the page", "status": "passed", "start": 1702535823807, "stop": 1702535823851}, {"name": "Then leave name \"\" \"\" , email \"\" \"\",subject \"\" \"\",message \"\" \"\" and upload_file \"\" \"\" all fields in  empty", "status": "broken", "statusDetails": {"message": "selenium.common.exceptions.InvalidArgumentException: Message: invalid argument: File not found : \" \"\n  (Session info: chrome=120.0.6099.71)\nStacktrace:\n\tGetHandleVerifier [0x00007FF6B87A4D02+56194]\n\t(No symbol) [0x00007FF6B87104B2]\n\t(No symbol) [0x00007FF6B85B76AA]\n\t(No symbol) [0x00007FF6B85FAB70]\n\t(No symbol) [0x00007FF6B8625E7A]\n\t(No symbol) [0x00007FF6B85F6226]\n\t(No symbol) [0x00007FF6B8626320]\n\t(No symbol) [0x00007FF6B8642786]\n\t(No symbol) [0x00007FF6B8625C23]\n\t(No symbol) [0x00007FF6B85F4A45]\n\t(No symbol) [0x00007FF6B85F5AD4]\n\tGetHandleVerifier [0x00007FF6B8B1D5BB+3695675]\n\tGetHandleVerifier [0x00007FF6B8B76197+4059159]\n\tGetHandleVerifier [0x00007FF6B8B6DF63+4025827]\n\tGetHandleVerifier [0x00007FF6B883F029+687785]\n\t(No symbol) [0x00007FF6B871B508]\n\t(No symbol) [0x00007FF6B8717564]\n\t(No symbol) [0x00007FF6B87176E9]\n\t(No symbol) [0x00007FF6B8708094]\n\tBaseThreadInitThunk [0x00007FF9F55753E0+16]\n\tRtlUserThreadStart [0x00007FF9F6E2485B+43]\n\n", "trace": "  File \"C:\\Users\\user\\PycharmProjects\\selenium_python_bddframework\\venv\\Lib\\site-packages\\behave\\model.py\", line 1329, in run\n    match.run(runner.context)\n  File \"C:\\Users\\user\\PycharmProjects\\selenium_python_bddframework\\venv\\Lib\\site-packages\\behave\\matchers.py\", line 98, in run\n    self.func(context, *args, **kwargs)\n  File \"features\\steps\\Register.SD.py\", line 44, in without_any_field\n    context.driver.find_element(By.XPATH, \"//input[@type='file']\").send_keys(upload_file)\n  File \"C:\\Users\\user\\PycharmProjects\\selenium_python_bddframework\\venv\\Lib\\site-packages\\selenium\\webdriver\\remote\\webelement.py\", line 231, in send_keys\n    self._execute(\n  File \"C:\\Users\\user\\PycharmProjects\\selenium_python_bddframework\\venv\\Lib\\site-packages\\selenium\\webdriver\\remote\\webelement.py\", line 395, in _execute\n    return self._parent.execute(command, params)\n           ^^^^^^^^^^^^^^^^^^^^^^^^^^^^^^^^^^^^^\n  File \"C:\\Users\\user\\PycharmProjects\\selenium_python_bddframework\\venv\\Lib\\site-packages\\selenium\\webdriver\\remote\\webdriver.py\", line 348, in execute\n    self.error_handler.check_response(response)\n  File \"C:\\Users\\user\\PycharmProjects\\selenium_python_bddframework\\venv\\Lib\\site-packages\\selenium\\webdriver\\remote\\errorhandler.py\", line 229, in check_response\n    raise exception_class(message, screen, stacktrace)\n"}, "start": 1702535823851, "stop": 1702535824298}, {"name": "Then click on submit button", "status": "skipped", "start": 1702535824299, "stop": 1702535824299}, {"name": "Then user receives warning message", "status": "skipped", "start": 1702535824299, "stop": 1702535824299}, {"name": "And close the browser", "status": "skipped", "start": 1702535824299, "stop": 1702535824299}], "parameters": [{"name": "name", "value": "\" \""}, {}, {"name": "email", "value": "\" \""}, {}, {"name": "subject", "value": "\" \""}, {}, {"name": "message", "value": "\" \""}, {}, {"name": "upload_file", "value": "\" \""}], "start": 1702535814416, "stop": 1702535824299, "uuid": "1a0ab760-51ff-45e7-b0e1-83f9ecf53911", "historyId": "7ffb8d4dda33b6abe693fa0c8b834310", "fullName": "Contact form registration: Verify  registering with leaving all  fields empty", "labels": [{"name": "severity", "value": "normal"}, {"name": "feature", "value": "Contact form registration"}, {"name": "framework", "value": "behave"}, {"name": "language", "value": "cpython3"}]}