{"name": "Verify login funcationality with multiple  credentails -- @1.1 ", "status": "broken", "statusDetails": {"message": "selenium.common.exceptions.NoSuchElementException: Message: no such element: Unable to locate element: {\"method\":\"xpath\",\"selector\":\"//header/div[1]/div[1]\"}\n  (Session info: chrome=120.0.6099.71); For documentation on this error, please visit: https://www.selenium.dev/documentation/webdriver/troubleshooting/errors#no-such-element-exception\nStacktrace:\n\tGetHandleVerifier [0x00007FF6FC2F4D02+56194]\n\t(No symbol) [0x00007FF6FC2604B2]\n\t(No symbol) [0x00007FF6FC1076AA]\n\t(No symbol) [0x00007FF6FC1516D0]\n\t(No symbol) [0x00007FF6FC1517EC]\n\t(No symbol) [0x00007FF6FC194D77]\n\t(No symbol) [0x00007FF6FC175EBF]\n\t(No symbol) [0x00007FF6FC192786]\n\t(No symbol) [0x00007FF6FC175C23]\n\t(No symbol) [0x00007FF6FC144A45]\n\t(No symbol) [0x00007FF6FC145AD4]\n\tGetHandleVerifier [0x00007FF6FC66D5BB+3695675]\n\tGetHandleVerifier [0x00007FF6FC6C6197+4059159]\n\tGetHandleVerifier [0x00007FF6FC6BDF63+4025827]\n\tGetHandleVerifier [0x00007FF6FC38F029+687785]\n\t(No symbol) [0x00007FF6FC26B508]\n\t(No symbol) [0x00007FF6FC267564]\n\t(No symbol) [0x00007FF6FC2676E9]\n\t(No symbol) [0x00007FF6FC258094]\n\tBaseThreadInitThunk [0x00007FFF943353E0+16]\n\tRtlUserThreadStart [0x00007FFF9576485B+43]\n\n", "trace": "  File \"C:\\Users\\user\\PycharmProjects\\selenium_python_bddframework\\venv\\Lib\\site-packages\\behave\\model.py\", line 1329, in run\n    match.run(runner.context)\n  File \"C:\\Users\\user\\PycharmProjects\\selenium_python_bddframework\\venv\\Lib\\site-packages\\behave\\matchers.py\", line 98, in run\n    self.func(context, *args, **kwargs)\n  File \"features\\steps\\login.SD.py\", line 48, in homepagedisplay\n    context.driver.find_element(By.XPATH, \"//header/div[1]/div[1]\").is_displayed()\n    ^^^^^^^^^^^^^^^^^^^^^^^^^^^^^^^^^^^^^^^^^^^^^^^^^^^^^^^^^^^^^^^\n  File \"C:\\Users\\user\\PycharmProjects\\selenium_python_bddframework\\venv\\Lib\\site-packages\\selenium\\webdriver\\remote\\webdriver.py\", line 742, in find_element\n    return self.execute(Command.FIND_ELEMENT, {\"using\": by, \"value\": value})[\"value\"]\n           ^^^^^^^^^^^^^^^^^^^^^^^^^^^^^^^^^^^^^^^^^^^^^^^^^^^^^^^^^^^^^^^^^\n  File \"C:\\Users\\user\\PycharmProjects\\selenium_python_bddframework\\venv\\Lib\\site-packages\\selenium\\webdriver\\remote\\webdriver.py\", line 348, in execute\n    self.error_handler.check_response(response)\n  File \"C:\\Users\\user\\PycharmProjects\\selenium_python_bddframework\\venv\\Lib\\site-packages\\selenium\\webdriver\\remote\\errorhandler.py\", line 229, in check_response\n    raise exception_class(message, screen, stacktrace)\n"}, "steps": [{"name": "Given launch chrome browser", "status": "passed", "start": 1702214780204, "stop": 1702214781590}, {"name": "When open the orange hrm page", "status": "passed", "start": 1702214781590, "stop": 1702214788926}, {"name": "And Enter username \"Admin\" and password \"admin123\"", "status": "passed", "start": 1702214788926, "stop": 1702214789051}, {"name": "And click on login button", "status": "passed", "start": 1702214789051, "stop": 1702214789089}, {"name": "Then User must successfully login to Dashboard", "status": "broken", "statusDetails": {"message": "selenium.common.exceptions.NoSuchElementException: Message: no such element: Unable to locate element: {\"method\":\"xpath\",\"selector\":\"//header/div[1]/div[1]\"}\n  (Session info: chrome=120.0.6099.71); For documentation on this error, please visit: https://www.selenium.dev/documentation/webdriver/troubleshooting/errors#no-such-element-exception\nStacktrace:\n\tGetHandleVerifier [0x00007FF6FC2F4D02+56194]\n\t(No symbol) [0x00007FF6FC2604B2]\n\t(No symbol) [0x00007FF6FC1076AA]\n\t(No symbol) [0x00007FF6FC1516D0]\n\t(No symbol) [0x00007FF6FC1517EC]\n\t(No symbol) [0x00007FF6FC194D77]\n\t(No symbol) [0x00007FF6FC175EBF]\n\t(No symbol) [0x00007FF6FC192786]\n\t(No symbol) [0x00007FF6FC175C23]\n\t(No symbol) [0x00007FF6FC144A45]\n\t(No symbol) [0x00007FF6FC145AD4]\n\tGetHandleVerifier [0x00007FF6FC66D5BB+3695675]\n\tGetHandleVerifier [0x00007FF6FC6C6197+4059159]\n\tGetHandleVerifier [0x00007FF6FC6BDF63+4025827]\n\tGetHandleVerifier [0x00007FF6FC38F029+687785]\n\t(No symbol) [0x00007FF6FC26B508]\n\t(No symbol) [0x00007FF6FC267564]\n\t(No symbol) [0x00007FF6FC2676E9]\n\t(No symbol) [0x00007FF6FC258094]\n\tBaseThreadInitThunk [0x00007FFF943353E0+16]\n\tRtlUserThreadStart [0x00007FFF9576485B+43]\n\n", "trace": "  File \"C:\\Users\\user\\PycharmProjects\\selenium_python_bddframework\\venv\\Lib\\site-packages\\behave\\model.py\", line 1329, in run\n    match.run(runner.context)\n  File \"C:\\Users\\user\\PycharmProjects\\selenium_python_bddframework\\venv\\Lib\\site-packages\\behave\\matchers.py\", line 98, in run\n    self.func(context, *args, **kwargs)\n  File \"features\\steps\\login.SD.py\", line 48, in homepagedisplay\n    context.driver.find_element(By.XPATH, \"//header/div[1]/div[1]\").is_displayed()\n    ^^^^^^^^^^^^^^^^^^^^^^^^^^^^^^^^^^^^^^^^^^^^^^^^^^^^^^^^^^^^^^^\n  File \"C:\\Users\\user\\PycharmProjects\\selenium_python_bddframework\\venv\\Lib\\site-packages\\selenium\\webdriver\\remote\\webdriver.py\", line 742, in find_element\n    return self.execute(Command.FIND_ELEMENT, {\"using\": by, \"value\": value})[\"value\"]\n           ^^^^^^^^^^^^^^^^^^^^^^^^^^^^^^^^^^^^^^^^^^^^^^^^^^^^^^^^^^^^^^^^^\n  File \"C:\\Users\\user\\PycharmProjects\\selenium_python_bddframework\\venv\\Lib\\site-packages\\selenium\\webdriver\\remote\\webdriver.py\", line 348, in execute\n    self.error_handler.check_response(response)\n  File \"C:\\Users\\user\\PycharmProjects\\selenium_python_bddframework\\venv\\Lib\\site-packages\\selenium\\webdriver\\remote\\errorhandler.py\", line 229, in check_response\n    raise exception_class(message, screen, stacktrace)\n"}, "start": 1702214789089, "stop": 1702214790226}], "parameters": [{"name": "username", "value": "Admin"}, {}, {"name": "password", "value": "admin123"}], "start": 1702214780173, "stop": 1702214790227, "uuid": "36a7f06b-0c55-48f9-b7db-524d0b9f0f9c", "historyId": "32ab0dd33266ece2c78204f4b28c2aad", "fullName": "OrangeHRM logo: Verify login funcationality with multiple  credentails", "labels": [{"name": "severity", "value": "normal"}, {"name": "feature", "value": "OrangeHRM logo"}, {"name": "framework", "value": "behave"}, {"name": "language", "value": "cpython3"}]}